<?xml version="1.0" encoding="UTF-8"?>
<!-- Generated by org.testng.reporters.JUnitReportReporter -->
<testsuite hostname="PSDLAP376" failures="0" tests="10" name="test.BlogTest" time="147.785" errors="0" timestamp="2025-02-14T16:32:34 IST" skipped="0">
  <testcase classname="test.BlogTest" name="TC01_Blog_Tab" time="10.566"/>
  <testcase classname="test.BlogTest" name="TC02_Blog_Tab" time="12.888"/>
  <testcase classname="test.BlogTest" name="TC03_Blog_Tab" time="13.376"/>
  <testcase classname="test.BlogTest" name="TC04_Blog_Tab" time="14.635"/>
  <testcase classname="test.BlogTest" name="TC05_Blog_Tab" time="18.112"/>
  <testcase classname="test.BlogTest" name="TC06_Blog_Tab" time="17.255"/>
  <testcase classname="test.BlogTest" name="TC07_Blog_Tab" time="13.459"/>
  <testcase classname="test.BlogTest" name="TC08_Blog_Tab" time="16.917"/>
  <testcase classname="test.BlogTest" name="TC09_Blog_Tab" time="13.162"/>
  <testcase classname="test.BlogTest" name="TC010_Blog_Tab" time="17.415"/>
</testsuite> <!-- test.BlogTest -->
