<?xml version="1.0" encoding="UTF-8"?>
<!-- Generated by org.testng.reporters.JUnitReportReporter -->
<testsuite hostname="PSDLAP376" failures="0" tests="20" name="test.SolutionTab_Test" time="311.784" errors="0" timestamp="2024-12-18T16:06:10 IST" skipped="0">
  <testcase classname="test.SolutionTab_Test" name="solution_Tab_TC_01" time="11.372"/>
  <testcase classname="test.SolutionTab_Test" name="Managed_services_TC_02" time="16.520"/>
  <testcase classname="test.SolutionTab_Test" name="IT_ConsultancyAndAdvisoy_TC_03" time="14.295"/>
  <testcase classname="test.SolutionTab_Test" name="CyberSecurity_TC_04" time="16.476"/>
  <testcase classname="test.SolutionTab_Test" name="WebDevelopment_TC_05" time="15.862"/>
  <testcase classname="test.SolutionTab_Test" name="MobileDevelopment_TC_06" time="14.880"/>
  <testcase classname="test.SolutionTab_Test" name="CloudServices_TC_07" time="14.919"/>
  <testcase classname="test.SolutionTab_Test" name="DigitalTransformation_TC_08" time="16.663"/>
  <testcase classname="test.SolutionTab_Test" name="Security_TC_09" time="16.112"/>
  <testcase classname="test.SolutionTab_Test" name="Automation_TC_10" time="15.097"/>
  <testcase classname="test.SolutionTab_Test" name="Gaining_Efficiency_TC_11" time="14.936"/>
  <testcase classname="test.SolutionTab_Test" name="Industry_Manufacturing_12" time="17.064"/>
  <testcase classname="test.SolutionTab_Test" name="Transportation_TC_13" time="15.873"/>
  <testcase classname="test.SolutionTab_Test" name="Healthcare_TC_14" time="16.379"/>
  <testcase classname="test.SolutionTab_Test" name="BankAndInsurance_TC_15" time="15.613"/>
  <testcase classname="test.SolutionTab_Test" name="CounsultingProvider_TC_16" time="16.117"/>
  <testcase classname="test.SolutionTab_Test" name="NonProfit_TC_17" time="14.357"/>
  <testcase classname="test.SolutionTab_Test" name="NonProfit_TC_18" time="15.624"/>
  <testcase classname="test.SolutionTab_Test" name="CallUs_TC_19" time="14.983"/>
  <testcase classname="test.SolutionTab_Test" name="nftLearnMore_TC_20" time="18.642"/>
</testsuite> <!-- test.SolutionTab_Test -->
