<?xml version="1.0" encoding="UTF-8"?>
<!-- Generated by org.testng.reporters.JUnitReportReporter -->
<testsuite hostname="PSDLAP376" failures="0" tests="1" name="test.BlogTest" time="8.324" errors="0" timestamp="2024-12-20T11:38:58 IST" skipped="0">
  <testcase classname="test.BlogTest" name="TC01_Blog_Tab" time="8.324"/>
</testsuite> <!-- test.BlogTest -->
