<?xml version="1.0" encoding="UTF-8"?>
<!-- Generated by org.testng.reporters.JUnitReportReporter -->
<testsuite hostname="PSDLAP376" failures="0" tests="5" name="test.BlogTest" time="60.391" errors="0" timestamp="2025-02-14T17:12:41 IST" skipped="0">
  <testcase classname="test.BlogTest" name="TC01_Blog_Tab" time="8.289"/>
  <testcase classname="test.BlogTest" name="TC02_Blog_Tab" time="12.008"/>
  <testcase classname="test.BlogTest" name="TC03_Blog_Tab" time="10.785"/>
  <testcase classname="test.BlogTest" name="TC04_Blog_Tab" time="13.170"/>
  <testcase classname="test.BlogTest" name="TC05_Blog_Tab" time="16.139"/>
</testsuite> <!-- test.BlogTest -->
