<?xml version="1.0" encoding="UTF-8"?>
<!-- Generated by org.testng.reporters.JUnitReportReporter -->
<testsuite hostname="PSDLAP376" failures="0" tests="12" name="test.IndustryTest" time="223.208" errors="0" timestamp="2024-12-18T16:06:10 IST" skipped="0">
  <testcase classname="test.IndustryTest" name="TC110_Industry_Tab" time="14.674"/>
  <testcase classname="test.IndustryTest" name="TC111_Industry_Tab" time="18.420"/>
  <testcase classname="test.IndustryTest" name="TC112_Industry_Tab" time="17.567"/>
  <testcase classname="test.IndustryTest" name="TC113_Industry_Tab" time="19.454"/>
  <testcase classname="test.IndustryTest" name="TC114_Industry_Tab" time="19.285"/>
  <testcase classname="test.IndustryTest" name="TC115_Industry_Tab" time="19.684"/>
  <testcase classname="test.IndustryTest" name="TC116_Industry_Tab" time="19.038"/>
  <testcase classname="test.IndustryTest" name="TC117_Industry_Tab" time="19.800"/>
  <testcase classname="test.IndustryTest" name="TC118_Industry_Tab" time="18.140"/>
  <testcase classname="test.IndustryTest" name="TC119_Industry_Tab" time="18.561"/>
  <testcase classname="test.IndustryTest" name="TC120_Industry_Tab" time="19.251"/>
  <testcase classname="test.IndustryTest" name="TC121_Industry_Tab" time="19.334"/>
</testsuite> <!-- test.IndustryTest -->
