<?xml version="1.0" encoding="UTF-8"?>
<!-- Generated by org.testng.reporters.JUnitReportReporter -->
<testsuite hostname="PSDLAP376" failures="0" tests="4" name="test.CaseStudiesTab_Test" time="61.435" errors="0" timestamp="2025-02-14T16:32:34 IST" skipped="0">
  <testcase classname="test.CaseStudiesTab_Test" name="caseStudiesText_Tab_TC_01" time="15.747"/>
  <testcase classname="test.CaseStudiesTab_Test" name="caseStudies_Tab_TC_02" time="13.030"/>
  <testcase classname="test.CaseStudiesTab_Test" name="featuredCaseText_TC_03" time="13.706"/>
  <testcase classname="test.CaseStudiesTab_Test" name="Major_Insurance_TC_04" time="18.952"/>
</testsuite> <!-- test.CaseStudiesTab_Test -->
