<?xml version="1.0" encoding="UTF-8"?>
<!-- Generated by org.testng.reporters.JUnitReportReporter -->
<testsuite hostname="PSDLAP376" failures="0" tests="24" name="test.Company_Test" time="438.819" errors="0" timestamp="2024-12-18T16:06:10 IST" skipped="0">
  <testcase classname="test.Company_Test" name="TC01_Company_Tab" time="16.105"/>
  <testcase classname="test.Company_Test" name="TC02_Company_Tab" time="20.712"/>
  <testcase classname="test.Company_Test" name="TC03_Company_Tab" time="20.436"/>
  <testcase classname="test.Company_Test" name="TC04_Company_Tab" time="19.547"/>
  <testcase classname="test.Company_Test" name="TC05_Company_Tab" time="15.980"/>
  <testcase classname="test.Company_Test" name="TC06_Company_Tab" time="20.153"/>
  <testcase classname="test.Company_Test" name="TC07_Company_Tab" time="19.951"/>
  <testcase classname="test.Company_Test" name="TC08_Company_Tab" time="19.174"/>
  <testcase classname="test.Company_Test" name="TC09_Company_Tab" time="15.673"/>
  <testcase classname="test.Company_Test" name="TC10_Company_Tab" time="18.869"/>
  <testcase classname="test.Company_Test" name="TC11_Company_Tab" time="19.617"/>
  <testcase classname="test.Company_Test" name="TC12_Company_Tab" time="15.748"/>
  <testcase classname="test.Company_Test" name="TC13_Company_Tab" time="17.769"/>
  <testcase classname="test.Company_Test" name="TC14_Company_Tab" time="18.254"/>
  <testcase classname="test.Company_Test" name="TC15_Company_Tab" time="22.596"/>
  <testcase classname="test.Company_Test" name="TC16_Company_Tab" time="22.366"/>
  <testcase classname="test.Company_Test" name="TC17_Company_Tab" time="15.970"/>
  <testcase classname="test.Company_Test" name="TC18_Company_Tab" time="16.535"/>
  <testcase classname="test.Company_Test" name="TC19_Company_Tab" time="18.753"/>
  <testcase classname="test.Company_Test" name="TC20_Company_Tab" time="14.884"/>
  <testcase classname="test.Company_Test" name="TC21_Company_Tab" time="19.356"/>
  <testcase classname="test.Company_Test" name="TC22_Company_Tab" time="15.234"/>
  <testcase classname="test.Company_Test" name="TC23_Company_Tab" time="18.941"/>
  <testcase classname="test.Company_Test" name="TC24_Company_Tab" time="16.196"/>
</testsuite> <!-- test.Company_Test -->
