<?xml version="1.0" encoding="UTF-8"?>
<!-- Generated by org.testng.reporters.JUnitReportReporter -->
<testsuite hostname="PSDLAP376" failures="0" tests="12" name="test.CaseStudiesTab_Test" time="190.737" errors="0" timestamp="2024-12-18T16:06:10 IST" skipped="0">
  <testcase classname="test.CaseStudiesTab_Test" name="caseStudiesText_Tab_TC_01" time="11.697"/>
  <testcase classname="test.CaseStudiesTab_Test" name="caseStudies_Tab_TC_02" time="11.678"/>
  <testcase classname="test.CaseStudiesTab_Test" name="featuredCaseText_TC_03" time="10.526"/>
  <testcase classname="test.CaseStudiesTab_Test" name="Major_Insurance_TC_04" time="15.005"/>
  <testcase classname="test.CaseStudiesTab_Test" name="Major_Insurance_TC_05" time="17.472"/>
  <testcase classname="test.CaseStudiesTab_Test" name="StrategicMove_TC_06" time="18.138"/>
  <testcase classname="test.CaseStudiesTab_Test" name="ConvenianceSaving_TC_07" time="18.104"/>
  <testcase classname="test.CaseStudiesTab_Test" name="PrivateTrust_TC_08" time="17.326"/>
  <testcase classname="test.CaseStudiesTab_Test" name="OnlinePlatform_TC_09" time="17.267"/>
  <testcase classname="test.CaseStudiesTab_Test" name="Delevering_Enterprise_TC_10" time="18.211"/>
  <testcase classname="test.CaseStudiesTab_Test" name="Bringing_Premium_TC_11" time="17.169"/>
  <testcase classname="test.CaseStudiesTab_Test" name="Building_Optimizing_TC_12" time="18.144"/>
</testsuite> <!-- test.CaseStudiesTab_Test -->
