<?xml version="1.0" encoding="UTF-8"?>
<!-- Generated by org.testng.reporters.JUnitReportReporter -->
<testsuite hostname="PSDLAP376" failures="0" tests="22" name="test.BlogTest" time="353.016" errors="0" timestamp="2025-02-14T16:06:36 IST" skipped="0">
  <testcase classname="test.BlogTest" name="TC01_Blog_Tab" time="9.907"/>
  <testcase classname="test.BlogTest" name="TC02_Blog_Tab" time="14.199"/>
  <testcase classname="test.BlogTest" name="TC03_Blog_Tab" time="12.411"/>
  <testcase classname="test.BlogTest" name="TC04_Blog_Tab" time="12.280"/>
  <testcase classname="test.BlogTest" name="TC05_Blog_Tab" time="18.098"/>
  <testcase classname="test.BlogTest" name="TC06_Blog_Tab" time="16.374"/>
  <testcase classname="test.BlogTest" name="TC07_Blog_Tab" time="13.268"/>
  <testcase classname="test.BlogTest" name="TC08_Blog_Tab" time="16.222"/>
  <testcase classname="test.BlogTest" name="TC09_Blog_Tab" time="12.843"/>
  <testcase classname="test.BlogTest" name="TC010_Blog_Tab" time="18.078"/>
  <testcase classname="test.BlogTest" name="TC11_Blog_Tab" time="12.854"/>
  <testcase classname="test.BlogTest" name="TC12_Blog_Tab" time="16.923"/>
  <testcase classname="test.BlogTest" name="TC13_Blog_Tab" time="42.843"/>
  <testcase classname="test.BlogTest" name="TC14_Blog_Tab" time="16.945"/>
  <testcase classname="test.BlogTest" name="TC15_Blog_Tab" time="13.039"/>
  <testcase classname="test.BlogTest" name="TC16_Blog_Tab" time="17.263"/>
  <testcase classname="test.BlogTest" name="TC17_Blog_Tab" time="12.147"/>
  <testcase classname="test.BlogTest" name="TC18_Blog_Tab" time="16.969"/>
  <testcase classname="test.BlogTest" name="TC19_Blog_Tab" time="12.946"/>
  <testcase classname="test.BlogTest" name="TC20_Blog_Tab" time="17.198"/>
  <testcase classname="test.BlogTest" name="TC21_Blog_Tab" time="16.619"/>
  <testcase classname="test.BlogTest" name="TC22_Blog_Tab" time="13.590"/>
</testsuite> <!-- test.BlogTest -->
